d:\oop244 codes\project\ms4\debug\vc142.pdb
d:\oop244 codes\project\ms4\debug\vc142.idb
d:\oop244 codes\project\ms4\debug\utils.obj
d:\oop244 codes\project\ms4\debug\triagepatient.obj
d:\oop244 codes\project\ms4\debug\tptester.obj
d:\oop244 codes\project\ms4\debug\time.obj
d:\oop244 codes\project\ms4\debug\ticket.obj
d:\oop244 codes\project\ms4\debug\patient.obj
d:\oop244 codes\project\ms4\debug\ms4tester.obj
d:\oop244 codes\project\ms4\debug\ioable.obj
d:\oop244 codes\project\ms4\debug\cptester.obj
d:\oop244 codes\project\ms4\debug\covidpatient.obj
d:\oop244 codes\project\ms4\debug\ms4.exe
d:\oop244 codes\project\ms4\debug\ms4.ilk
d:\oop244 codes\project\ms4\debug\ms4.pdb
d:\oop244 codes\project\ms4\debug\ms4.tlog\cl.command.1.tlog
d:\oop244 codes\project\ms4\debug\ms4.tlog\cl.read.1.tlog
d:\oop244 codes\project\ms4\debug\ms4.tlog\cl.write.1.tlog
d:\oop244 codes\project\ms4\debug\ms4.tlog\link.command.1.tlog
d:\oop244 codes\project\ms4\debug\ms4.tlog\link.read.1.tlog
d:\oop244 codes\project\ms4\debug\ms4.tlog\link.write.1.tlog
